<?xml version="1.0" encoding="UTF-8"?>
<!-- Generated by org.testng.reporters.JUnitReportReporter -->
<testsuite hostname="DESKTOP-5QPL10C" failures="0" tests="1" name="orangeHrmTest.Login_Logout" time="15.051" errors="0" timestamp="2023-12-27T14:55:47 IST" skipped="0">
  <testcase classname="orangeHrmTest.Login_Logout" name="verifyLogin" time="15.051"/>
</testsuite> <!-- orangeHrmTest.Login_Logout -->
